2021/07/15-10-08-28	F2PRNPV	0.5816	0.7912	0.5455	0.8537	RF.py
2021/07/15-10-30-31	F2PRNPV	0.5628	0.7937	0.5246	0.8484	RF.py
2021/07/15-10-34-42	F2PRNPV	0.6024	0.7937	0.5682	0.8599	RF.py
2021/07/22-10-12-25	F2PRNPV	0.7200	0.7211	0.7197	0.8999	RF.py
2021/07/22-10-17-35	F2PRNPV	0.7264	0.7156	0.7292	0.9025	RF.py
2021/07/22-10-21-12	F2PRNPV	0.7194	0.7108	0.7216	0.8999	RF.py
2021/07/22-10-22-43	F2PRNPV	0.7341	0.7025	0.7424	0.9060	RF.py
2021/07/22-10-24-32	F2PRNPV	0.7354	0.7018	0.7443	0.9066	RF.py
2021/07/22-10-32-32	F2PRNPV	0.7243	0.7124	0.7273	0.9018	RF.py
2021/07/22-10-34-48	F2PRNPV	0.7354	0.7018	0.7443	0.9066	RF.py
2021/07/22-10-51-58	F2PRNPV	0.7143	0.6934	0.7197	0.8984	RF.py
2021/07/22-10-55-54	F2PRNPV	0.7343	0.6900	0.7462	0.9066	RF.py
2021/07/23-10-04-44	F2PRNPV	0.7383	0.6947	0.7500	0.9080	RF.py
2021/07/23-10-08-11	F2PRNPV	0.7252	0.6892	0.7348	0.9029	RF.py
2021/07/23-10-10-45	F2PRNPV	0.7215	0.6924	0.7292	0.9013	RF.py
2021/07/23-10-13-44	F2PRNPV	0.7383	0.6947	0.7500	0.9080	RF.py
2021/07/23-10-17-46	F2PRNPV	0.7383	0.6947	0.7500	0.9080	RF.py
2021/07/23-16-46-06	F2PRNPV	0.7383	0.6947	0.7500	0.9080	RF.py
2021/07/23-16-47-24	F2PRNPV	0.7359	0.6973	0.7462	0.9069	RF.py
2021/07/23-16-50-30	F2PRNPV	0.7341	0.7096	0.7405	0.9058	RF.py
2021/07/27-10-12-12	F2PRNPV	0.7436	0.7057	0.7538	0.9098	RF.py
2021/07/27-10-41-10	F2PRNPV	0.7373	0.7036	0.7462	0.9073	RF.py
2021/07/27-10-46-34	F2PRNPV	0.7557	0.7005	0.7708	0.9150	RF.py
2021/07/28-10-14-12	F2PRNPV	0.7487	0.7085	0.7595	0.9117	RF.py
2021/07/28-10-16-21	F2PRNPV	0.7324	0.7302	0.7330	0.9044	RF.py
2021/07/28-10-22-25	F2PRNPV	0.7549	0.7036	0.7689	0.9146	RF.py
