Mon Nov  8 13:39:08 EST 2021
Preprocessing steps: removeURLs textTransform_all stem
Preprocessing '../trainSet.txt'
Sample type: ClassifiedHtSample
...done. 7013 samples, 0 marked as reject
Wrote preprocessor report to 'matches.trainSet.txt'
Samples read: 7013 	 Samples written: 7013
Total time:   36.300 seconds

Preprocessing steps: removeURLs textTransform_all stem
Preprocessing '../valSet.txt'
Sample type: ClassifiedHtSample
...done. 1974 samples, 0 marked as reject
Wrote preprocessor report to 'matches.valSet.txt'
Samples read: 1974 	 Samples written: 1974
Total time:   11.092 seconds

Preprocessing steps: removeURLs textTransform_all stem
Preprocessing '../testSet.txt'
Sample type: ClassifiedHtSample
...done. 1507 samples, 0 marked as reject
Wrote preprocessor report to 'matches.testSet.txt'
Samples read: 1507 	 Samples written: 1507
Total time:    8.381 seconds

