getting raw data from db: dev
Fri Dec 17 09:55:53 EST 2021
Fri Dec 17 09:55:55 2021
Hitting database mgi-testdb4.jax.org jak as mgd_public
GEO experiments evaluated by Connie
   2631 (25%) Yes	   7596 (74%) No	  10227 total
  10226 have raw sample text
Non-GEO, Yes experiments evaluated by Connie
    576 experiments
      0 have raw sample text
Total experiments
   3207 (29%) Yes	   7596 (70%) No	  10803 total
Number of distinct raw sample field value pairs
   463687 key/value pairs
Fri Dec 17 09:56:12 2021
Hitting database mgi-testdb4.jax.org jak as mgd_public
constructing and writing geo samples:
wrote 10227 samples:

Text Transformation Report
na	''	1	'CONTROL'
na	''	1	'CTL'
na	''	5	'CTRL'
na	''	165	'Control'
na	''	15	'Ctrl'
na	''	1	'N.A.'
na	''	126	'N/A'
na	''	177	'NA'
na	''	1	'Na'
na	''	5	'Not Applicable'
na	''	13	'Not applicable'
na	''	9	'Not applicable.'
na	''	1	'Not relevant'
na	''	3	'Not relevant.'
na	''	495	'control'
na	''	8	'ctrl'
na	''	5	'n.a.'
na	''	127	'n/a'
na	''	5	'na'
na	''	2	'no data'
na	''	46	'not applicable'
na	''	1	'not applicable.'
Text Transformation Report
Text Transformation Report
  19.757 seconds

Fri Dec 17 09:56:34 2021
Hitting database mgi-testdb4.jax.org jak as mgd_public
constructing and writing nongeo samples:
wrote 576 samples:
   0.441 seconds

