Fri Dec 17 09:57:11 EST 2021
### randomly selecting test set
Reading ./geo
Sample type: ClassifiedHtSample
...done. Total time:    0.226 seconds

Summary:  Retaining random set of samples
Fri Dec 17 09:57:12 2021
Fraction: 0.150   Seed: 123   Sample type: ClassifiedHtSample
Input files: ['./geo']

Input Totals:
10227 samples: 2631 positive (25.7%) 7596 negative (74.3%)

Retained file 'testSet.txt': (15.254% of inputs)
1560 samples: 427 positive (27.4%) 1133 negative (72.6%)

Leftover file 'LeftoversTest.txt': (84.746% of inputs)
8667 samples: 2204 positive (25.4%) 6463 negative (74.6%)

### randomly selecting validation set
Reading LeftoversTest.txt
Sample type: ClassifiedHtSample
...done. Total time:    0.215 seconds

Summary:  Retaining random set of samples
Fri Dec 17 09:57:12 2021
Fraction: 0.235   Seed: 123   Sample type: ClassifiedHtSample
Input files: ['LeftoversTest.txt']

Input Totals:
8667 samples: 2204 positive (25.4%) 6463 negative (74.6%)

Retained file 'valSet.txt': (23.607% of inputs)
2046 samples: 551 positive (26.9%) 1495 negative (73.1%)

Leftover file 'LeftoversVal.txt': (76.393% of inputs)
6621 samples: 1653 positive (25.0%) 4968 negative (75.0%)

### concatenating leftovers to  training set
Preprocessing steps: 
Preprocessing 'LeftoversVal.txt'
Sample type: ClassifiedHtSample
...done. 6621 samples, 0 marked as reject
Preprocessing './nongeo'
...done. 576 samples, 0 marked as reject
Samples read: 7197 	 Samples written: 7197
Total time:    0.162 seconds

